* using log directory ‘/home/dmullen/Github/datamgmt/datamgmt.Rcheck’
* using R version 3.4.3 (2017-11-30)
* using platform: x86_64-pc-linux-gnu (64-bit)
* using session charset: UTF-8
* checking for file ‘datamgmt/DESCRIPTION’ ... OK
* checking extension type ... Package
* this is package ‘datamgmt’ version ‘0.1.0’
* package encoding: UTF-8
* checking package namespace information ... OK
* checking package dependencies ... OK
* checking if this is a source package ... OK
* checking if there is a namespace ... OK
* checking for executable files ... WARNING
Found the following executable file:
  .git/objects/eb/95f94797da820f06f5769b62442c0084560e83
Source packages should not contain undeclared executable files.
See section ‘Package structure’ in the ‘Writing R Extensions’ manual.
* checking for hidden files and directories ... NOTE
Found the following hidden files and directories:
  .DS_Store
  .RData
  .Rhistory
  .gitignore
  .Rproj.user
  .git
These were most likely included in error. See section ‘Package
structure’ in the ‘Writing R Extensions’ manual.
* checking for portable file names ... OK
* checking for sufficient/correct file permissions ... OK
* checking whether package ‘datamgmt’ can be installed ... OK
* checking installed package size ... OK
* checking package directory ... OK
* checking DESCRIPTION meta-information ... NOTE
Checking should be performed on sources prepared by ‘R CMD build’.
* checking top-level files ... OK
* checking for left-over files ... OK
* checking index information ... OK
* checking package subdirectories ... WARNING
Found the following directory with the name of a check directory:
  ./datamgmt.Rcheck
Most likely, these were included erroneously.
* checking R files for non-ASCII characters ... OK
* checking R files for syntax errors ... OK
* checking whether the package can be loaded ... OK
* checking whether the package can be loaded with stated dependencies ... OK
* checking whether the package can be unloaded cleanly ... OK
* checking whether the namespace can be loaded with stated dependencies ... OK
* checking whether the namespace can be unloaded cleanly ... OK
* checking loading without being on the library search path ... OK
* checking dependencies in R code ... WARNING
'::' or ':::' imports not declared from:
  ‘EML’ ‘arcticdatautils’ ‘dataone’ ‘readxl’
'library' or 'require' calls not declared from:
  ‘EML’ ‘crayon’ ‘rhandsontable’ ‘shiny’
'loadNamespace' or 'requireNamespace' call not declared from: ‘readxl’
'library' or 'require' calls in package code:
  ‘EML’ ‘crayon’ ‘rhandsontable’ ‘shiny’
  Please use :: or requireNamespace() instead.
  See section 'Suggested packages' in the 'Writing R Extensions' manual.
* checking S3 generic/method consistency ... OK
* checking replacement functions ... OK
* checking foreign function calls ... OK
* checking R code for possible problems ... NOTE
build_factors: warning in unlist(unique(data[attributeName]), use.name
  = F): partial argument match of 'use.name' to 'use.names'
add_creator_id: no visible global function definition for ‘green’
add_creator_id: no visible global function definition for ‘red’
add_creator_id: no visible global function definition for ‘new’
clone_one_package: no visible global function definition for ‘is’
clone_one_package: no visible global function definition for
  ‘pid_to_eml_physical’
clone_one_package: no visible global function definition for ‘new’
clone_one_package: no visible global function definition for
  ‘write_eml’
clone_one_package: no visible global function definition for
  ‘create_resource_map’
clone_package: no visible global function definition for
  ‘update_resource_map’
compare_eml_to_package_pids : <anonymous>: no visible global function
  definition for ‘tail’
create_attributes_table: no visible global function definition for ‘is’
data_objects_exist: no visible global function definition for ‘is’
data_objects_exist: no visible global function definition for ‘query’
data_objects_exist: no visible global function definition for
  ‘write.csv’
excel_to_csv : <anonymous>: no visible global function definition for
  ‘write.csv’
get_eml_pids : <anonymous>: no visible global function definition for
  ‘tail’
shiny_attributes_table: no visible global function definition for
  ‘packageVersion’
shiny_attributes_table: no visible global function definition for
  ‘get_unitList’
shiny_attributes_table: no visible global function definition for
  ‘fluidPage’
shiny_attributes_table: no visible global function definition for ‘br’
shiny_attributes_table: no visible binding for global variable ‘tags’
shiny_attributes_table: no visible global function definition for
  ‘actionButton’
shiny_attributes_table: no visible global function definition for ‘h5’
shiny_attributes_table: no visible global function definition for
  ‘rHandsontableOutput’
shiny_attributes_table: no visible global function definition for
  ‘fluidRow’
shiny_attributes_table: no visible global function definition for
  ‘column’
shiny_attributes_table : server: no visible global function definition
  for ‘reactive’
shiny_attributes_table : server: no visible global function definition
  for ‘hot_to_r’
shiny_attributes_table : server: no visible global function definition
  for ‘renderRHandsontable’
shiny_attributes_table : server: no visible global function definition
  for ‘%>%’
shiny_attributes_table : server: no visible global function definition
  for ‘rhandsontable’
shiny_attributes_table : server: no visible global function definition
  for ‘hot_table’
shiny_attributes_table : server: no visible global function definition
  for ‘hot_col’
shiny_attributes_table : server: no visible global function definition
  for ‘hot_cols’
shiny_attributes_table : server: no visible global function definition
  for ‘observeEvent’
shiny_attributes_table : server: no visible global function definition
  for ‘stopApp’
shiny_attributes_table: no visible global function definition for
  ‘shinyApp’
Undefined global functions or variables:
  %>% actionButton br column create_resource_map fluidPage fluidRow
  get_unitList green h5 hot_col hot_cols hot_table hot_to_r is new
  observeEvent packageVersion pid_to_eml_physical query
  rHandsontableOutput reactive red renderRHandsontable rhandsontable
  shinyApp stopApp tags tail update_resource_map write.csv write_eml
Consider adding
  importFrom("methods", "is", "new")
  importFrom("utils", "packageVersion", "tail", "write.csv")
to your NAMESPACE file (and ensure that your DESCRIPTION Imports field
contains 'methods').
* checking Rd files ... OK
* checking Rd metadata ... OK
* checking Rd cross-references ... OK
* checking for missing documentation entries ... OK
* checking for code/documentation mismatches ... WARNING
Functions or methods with usage in documentation object 'hello' but not in code:
  hello

* checking Rd \usage sections ... WARNING
Undocumented arguments in documentation object 'excel_to_csv'
  ‘...’

Undocumented arguments in documentation object 'shiny_attributes_table'
  ‘data’

Functions with \usage entries need to have the appropriate \alias
entries, and all their arguments documented.
The \usage entries must correspond to syntactically valid R code.
See chapter ‘Writing R documentation files’ in the ‘Writing R
Extensions’ manual.
* checking Rd contents ... OK
* checking for unstated dependencies in examples ... WARNING
'::' or ':::' imports not declared from:
  ‘EML’ ‘arcticdatautils’ ‘dataone’
'library' or 'require' calls not declared from:
  ‘EML’ ‘arcticdatautils’ ‘dataone’
* checking examples ... ERROR
Running examples in ‘datamgmt-Ex.R’ failed
The error most likely occurred in:

> ### Name: add_creator_id
> ### Title: add_creator_id
> ### Aliases: add_creator_id
> ### Keywords: creator eml id orcid
> 
> ### ** Examples
> 
> library(dataone)
> library(arcticdatautils)
> library(EML)
> 
> cnTest <- dataone::CNode('STAGING')
> mnTest <- dataone::getMNode(cnTest,'urn:node:mnTestARCTIC')
> eml_pid <- arcticdatautils::create_dummy_metadata(mnTest)
No tokens are currently defined.
Error in get_token_subject() : No tokens defined.
Calls: <Anonymous> -> get_token_subject
Execution halted
* checking for unstated dependencies in ‘tests’ ... WARNING
'::' or ':::' imports not declared from:
  ‘EML’ ‘arcticdatautils’ ‘dataone’
* checking tests ... ERROR
  Running ‘clone_package_tests.R’
Running the tests in ‘tests/clone_package_tests.R’ failed.
Complete output:
  > context("Clone a package")
  Error in context("Clone a package") : could not find function "context"
  Execution halted
* checking PDF version of manual ... WARNING
LaTeX errors when creating PDF version.
This typically indicates Rd problems.
* checking PDF version of manual without hyperrefs or index ... OK
* DONE
Status: 2 ERRORs, 8 WARNINGs, 3 NOTEs
