Hmm ... looks like a package
This is pdfTeX, Version 3.14159265-2.6-1.40.16 (TeX Live 2015/Debian) (preloaded format=pdflatex)
 restricted \write18 enabled.
entering extended mode
(./Rd2.tex
LaTeX2e <2016/02/01>
Babel <3.9q> and hyphenation patterns for 3 language(s) loaded.

(/usr/share/texlive/texmf-dist/tex/latex/base/book.cls
Document Class: book 2014/09/29 v1.4h Standard LaTeX document class
(/usr/share/texlive/texmf-dist/tex/latex/base/bk10.clo))
(/usr/share/R/share/texmf/tex/latex/Rd.sty
(/usr/share/texlive/texmf-dist/tex/latex/base/ifthen.sty)
(/usr/share/texlive/texmf-dist/tex/latex/tools/longtable.sty)
(/usr/share/texlive/texmf-dist/tex/latex/tools/bm.sty)
(/usr/share/texlive/texmf-dist/tex/latex/base/alltt.sty)
(/usr/share/texlive/texmf-dist/tex/latex/tools/verbatim.sty)
(/usr/share/texlive/texmf-dist/tex/latex/url/url.sty)
(/usr/share/texlive/texmf-dist/tex/latex/base/textcomp.sty
(/usr/share/texlive/texmf-dist/tex/latex/base/ts1enc.def))
(/usr/share/texlive/texmf-dist/tex/latex/base/fontenc.sty
(/usr/share/texlive/texmf-dist/tex/latex/base/t1enc.def))
(/usr/share/texlive/texmf-dist/tex/latex/psnfss/times.sty))
(/usr/share/texlive/texmf-dist/tex/latex/base/inputenc.sty
(/usr/share/texlive/texmf-dist/tex/latex/base/utf8.def
(/usr/share/texlive/texmf-dist/tex/latex/base/t1enc.dfu)
(/usr/share/texlive/texmf-dist/tex/latex/base/ot1enc.dfu)
(/usr/share/texlive/texmf-dist/tex/latex/base/omsenc.dfu)
(/usr/share/texlive/texmf-dist/tex/latex/base/ts1enc.dfu)))
No file Rd2.aux.
(/usr/share/texlive/texmf-dist/tex/latex/base/ts1cmr.fd)
(/usr/share/texlive/texmf-dist/tex/latex/psnfss/t1ptm.fd)
(/usr/share/texlive/texmf-dist/tex/latex/base/utf8.def)
(/usr/share/texlive/texmf-dist/tex/latex/psnfss/t1pcr.fd)
(/usr/share/texlive/texmf-dist/tex/latex/psnfss/t1phv.fd)
No file Rd2.toc.
(/usr/share/texlive/texmf-dist/tex/latex/base/utf8.def) [1{/var/lib/texmf/fonts
/map/pdftex/updmap/pdftex.map}]
(/usr/share/texlive/texmf-dist/tex/latex/psnfss/ts1pcr.fd)
(/usr/share/texlive/texmf-dist/tex/latex/base/utf8.def)
Overfull \hbox (84.78088pt too wide) in paragraph at lines 91--91
 []\T1/pcr/m/n/10 build_custom_units(inputdf, standardUnits, inputdf2, unq_unit
Type, unq_parentSI)[] 
(/usr/share/texlive/texmf-dist/tex/latex/base/utf8.def) [2]
(/usr/share/texlive/texmf-dist/tex/latex/base/utf8.def)
(/usr/share/texlive/texmf-dist/tex/latex/base/utf8.def) [3]
(/usr/share/texlive/texmf-dist/tex/latex/base/utf8.def) [4]
(/usr/share/texlive/texmf-dist/tex/latex/base/utf8.def)
Overfull \hbox (14.40855pt too wide) in paragraph at lines 262--263
\T1/ptm/m/n/10 empty fields will be used (i.e. if num-ber-Type is spec-i-fied i
n \T1/pcr/m/n/10 attributes_table\T1/ptm/m/n/10 ,
[5]
Overfull \hbox (101.58032pt too wide) in paragraph at lines 273--273
 []\T1/pcr/m/n/9 attributes_table <- EML::get_attributes(eml@dataset@dataTable[
[i]]@attributeList)$attributes[] 
(/usr/share/texlive/texmf-dist/tex/latex/base/utf8.def)
Overfull \hbox (24.78088pt too wide) in paragraph at lines 289--289
 []\T1/pcr/m/n/10 data_objects_exist(mn, pids, write_to_csv = FALSE, folder_pat
h = NULL,[] 
[6]
Overfull \hbox (9.78043pt too wide) in paragraph at lines 322--322
 []\T1/pcr/m/n/9 c("doi:10.5065/D60P0X4S", "urn:uuid:3ea5629f-a10e-47eb-b5ce-de
10f8ef325b"))[] 
(/usr/share/texlive/texmf-dist/tex/latex/base/utf8.def)
(/usr/share/texlive/texmf-dist/tex/latex/base/utf8.def) [7]
(/usr/share/texlive/texmf-dist/tex/latex/base/utf8.def)
(/usr/share/texlive/texmf-dist/tex/latex/base/utf8.def) [8]
(/usr/share/texlive/texmf-dist/tex/latex/base/utf8.def) [9]
(/usr/share/texlive/texmf-dist/tex/latex/base/utf8.def)
(/usr/share/texlive/texmf-dist/tex/latex/base/utf8.def)
(/usr/share/texlive/texmf-dist/tex/latex/base/utf8.def)
Underfull \hbox (badness 1365) in paragraph at lines 499--499
[]\T1/ptm/m/it/10 Build shiny UI for edit-ing at-tributes ta-ble within func-ti
on cre-
[10] [11] (./Rd2.aux) )
(see the transcript file for additional information){/usr/share/texlive/texmf-d
ist/fonts/enc/dvips/base/8r.enc}</usr/share/texlive/texmf-dist/fonts/type1/urw/
courier/ucrr8a.pfb></usr/share/texlive/texmf-dist/fonts/type1/urw/helvetic/uhvr
8a.pfb></usr/share/texlive/texmf-dist/fonts/type1/urw/times/utmb8a.pfb></usr/sh
are/texlive/texmf-dist/fonts/type1/urw/times/utmr8a.pfb></usr/share/texlive/tex
mf-dist/fonts/type1/urw/times/utmr8a.pfb></usr/share/texlive/texmf-dist/fonts/t
ype1/urw/times/utmri8a.pfb>
Output written on Rd2.pdf (11 pages, 87941 bytes).
Transcript written on Rd2.log.
This is pdfTeX, Version 3.14159265-2.6-1.40.16 (TeX Live 2015/Debian) (preloaded format=pdflatex)
 restricted \write18 enabled.
entering extended mode
(./Rd2.tex
LaTeX2e <2016/02/01>
Babel <3.9q> and hyphenation patterns for 3 language(s) loaded.

(/usr/share/texlive/texmf-dist/tex/latex/base/book.cls
Document Class: book 2014/09/29 v1.4h Standard LaTeX document class
(/usr/share/texlive/texmf-dist/tex/latex/base/bk10.clo))
(/usr/share/R/share/texmf/tex/latex/Rd.sty
(/usr/share/texlive/texmf-dist/tex/latex/base/ifthen.sty)
(/usr/share/texlive/texmf-dist/tex/latex/tools/longtable.sty)
(/usr/share/texlive/texmf-dist/tex/latex/tools/bm.sty)
(/usr/share/texlive/texmf-dist/tex/latex/base/alltt.sty)
(/usr/share/texlive/texmf-dist/tex/latex/tools/verbatim.sty)
(/usr/share/texlive/texmf-dist/tex/latex/url/url.sty)
(/usr/share/texlive/texmf-dist/tex/latex/base/textcomp.sty
(/usr/share/texlive/texmf-dist/tex/latex/base/ts1enc.def))
(/usr/share/texlive/texmf-dist/tex/latex/base/fontenc.sty
(/usr/share/texlive/texmf-dist/tex/latex/base/t1enc.def))
(/usr/share/texlive/texmf-dist/tex/latex/psnfss/times.sty))
(/usr/share/texlive/texmf-dist/tex/latex/base/inputenc.sty
(/usr/share/texlive/texmf-dist/tex/latex/base/utf8.def
(/usr/share/texlive/texmf-dist/tex/latex/base/t1enc.dfu)
(/usr/share/texlive/texmf-dist/tex/latex/base/ot1enc.dfu)
(/usr/share/texlive/texmf-dist/tex/latex/base/omsenc.dfu)
(/usr/share/texlive/texmf-dist/tex/latex/base/ts1enc.dfu))) (./Rd2.aux)
(/usr/share/texlive/texmf-dist/tex/latex/base/ts1cmr.fd)
(/usr/share/texlive/texmf-dist/tex/latex/psnfss/t1ptm.fd)
(/usr/share/texlive/texmf-dist/tex/latex/base/utf8.def)
(/usr/share/texlive/texmf-dist/tex/latex/psnfss/t1pcr.fd)
(/usr/share/texlive/texmf-dist/tex/latex/psnfss/t1phv.fd) (./Rd2.toc)
(/usr/share/texlive/texmf-dist/tex/latex/base/utf8.def) [1{/var/lib/texmf/fonts
/map/pdftex/updmap/pdftex.map}]
(/usr/share/texlive/texmf-dist/tex/latex/psnfss/ts1pcr.fd)
(/usr/share/texlive/texmf-dist/tex/latex/base/utf8.def)
Overfull \hbox (84.78088pt too wide) in paragraph at lines 91--91
 []\T1/pcr/m/n/10 build_custom_units(inputdf, standardUnits, inputdf2, unq_unit
Type, unq_parentSI)[] 
[2] (/usr/share/texlive/texmf-dist/tex/latex/base/utf8.def)
(/usr/share/texlive/texmf-dist/tex/latex/base/utf8.def) [3]
(/usr/share/texlive/texmf-dist/tex/latex/base/utf8.def) [4]
(/usr/share/texlive/texmf-dist/tex/latex/base/utf8.def) [5]
(/usr/share/texlive/texmf-dist/tex/latex/base/utf8.def)
Overfull \hbox (14.40855pt too wide) in paragraph at lines 262--263
\T1/ptm/m/n/10 empty fields will be used (i.e. if num-ber-Type is spec-i-fied i
n \T1/pcr/m/n/10 attributes_table\T1/ptm/m/n/10 ,

Overfull \hbox (101.58032pt too wide) in paragraph at lines 273--273
 []\T1/pcr/m/n/9 attributes_table <- EML::get_attributes(eml@dataset@dataTable[
[i]]@attributeList)$attributes[] 
(/usr/share/texlive/texmf-dist/tex/latex/base/utf8.def)
Overfull \hbox (24.78088pt too wide) in paragraph at lines 289--289
 []\T1/pcr/m/n/10 data_objects_exist(mn, pids, write_to_csv = FALSE, folder_pat
h = NULL,[] 
[6]
Overfull \hbox (9.78043pt too wide) in paragraph at lines 322--322
 []\T1/pcr/m/n/9 c("doi:10.5065/D60P0X4S", "urn:uuid:3ea5629f-a10e-47eb-b5ce-de
10f8ef325b"))[] 
(/usr/share/texlive/texmf-dist/tex/latex/base/utf8.def) [7]
(/usr/share/texlive/texmf-dist/tex/latex/base/utf8.def)
(/usr/share/texlive/texmf-dist/tex/latex/base/utf8.def) [8]
(/usr/share/texlive/texmf-dist/tex/latex/base/utf8.def)
(/usr/share/texlive/texmf-dist/tex/latex/base/utf8.def) [9]
(/usr/share/texlive/texmf-dist/tex/latex/base/utf8.def)
(/usr/share/texlive/texmf-dist/tex/latex/base/utf8.def) [10]
(/usr/share/texlive/texmf-dist/tex/latex/base/utf8.def)
Underfull \hbox (badness 1365) in paragraph at lines 499--499
[]\T1/ptm/m/it/10 Build shiny UI for edit-ing at-tributes ta-ble within func-ti
on cre-
[11] (./Rd2.aux) )
(see the transcript file for additional information){/usr/share/texlive/texmf-d
ist/fonts/enc/dvips/base/8r.enc}</usr/share/texlive/texmf-dist/fonts/type1/urw/
courier/ucrr8a.pfb></usr/share/texlive/texmf-dist/fonts/type1/urw/helvetic/uhvr
8a.pfb></usr/share/texlive/texmf-dist/fonts/type1/urw/times/utmb8a.pfb></usr/sh
are/texlive/texmf-dist/fonts/type1/urw/times/utmr8a.pfb></usr/share/texlive/tex
mf-dist/fonts/type1/urw/times/utmr8a.pfb></usr/share/texlive/texmf-dist/fonts/t
ype1/urw/times/utmri8a.pfb>
Output written on Rd2.pdf (11 pages, 87623 bytes).
Transcript written on Rd2.log.
Saving output to ‘datamgmt-manual.pdf’ ...
Done
You may want to clean up by 'rm -rf /tmp/Rtmp0PQ826/Rd2pdf204093ba66510'
